#
# There is insufficient memory for the Java Runtime Environment to continue.
# Native memory allocation (mmap) failed to map 536870912 bytes for G1 virtual space
# Possible reasons:
#   The system is out of physical RAM or swap space
#   The process is running with CompressedOops enabled, and the Java Heap may be blocking the growth of the native heap
# Possible solutions:
#   Reduce memory load on the system
#   Increase physical memory or swap space
#   Check if swap backing store is full
#   Decrease Java heap size (-Xmx/-Xms)
#   Decrease number of Java threads
#   Decrease Java thread stack sizes (-Xss)
#   Set larger code cache with -XX:ReservedCodeCacheSize=
#   JVM is running with Zero Based Compressed Oops mode in which the Java heap is
#     placed in the first 32GB address space. The Java Heap base address is the
#     maximum limit for the native heap growth. Please use -XX:HeapBaseMinAddress
#     to set the Java Heap base and to place the Java Heap above 32GB virtual address.
# This output file may be truncated or incomplete.
#
#  Out of Memory Error (os_windows.cpp:3771), pid=11552, tid=14704
#
# JRE version:  (17.0.7) (build )
# Java VM: OpenJDK 64-Bit Server VM (17.0.7+0-b2043.56-10550314, mixed mode, sharing, tiered, compressed oops, compressed class ptrs, g1 gc, windows-amd64)
# No core dump will be written. Minidumps are not enabled by default on client versions of Windows
#

---------------  S U M M A R Y ------------

Command Line: git4idea.http.GitAskPassApp Username for 'https://github.com': 

Host: 12th Gen Intel(R) Core(TM) i3-12100F, 8 cores, 31G,  Windows 11 , 64 bit Build 22621 (10.0.22621.2361)
Time: Sat Jan  6 19:36:44 2024 RTZ 2 (s 11 , 64 bit Build 22621 (10.0.22621.2361) elapsed time: 0.006068 seconds (0d 0h 0m 0s)

---------------  T H R E A D  ---------------

Current thread (0x0000024ca5127950):  JavaThread "Unknown thread" [_thread_in_vm, id=14704, stack(0x000000a653500000,0x000000a653600000)]

Stack: [0x000000a653500000,0x000000a653600000]
Native frames: (J=compiled Java code, j=interpreted, Vv=VM code, C=native code)
V  [jvm.dll+0x683bfa]
V  [jvm.dll+0x8430a4]
V  [jvm.dll+0x8449be]
V  [jvm.dll+0x845023]
V  [jvm.dll+0x24ad2f]
V  [jvm.dll+0x680ac9]
V  [jvm.dll+0x67519a]
V  [jvm.dll+0x30b3cb]
V  [jvm.dll+0x312876]
V  [jvm.dll+0x36221e]
V  [jvm.dll+0x36244f]
V  [jvm.dll+0x2e14a8]
V  [jvm.dll+0x2e2414]
V  [jvm.dll+0x814391]
V  [jvm.dll+0x36ffe1]
V  [jvm.dll+0x7f396c]
V  [jvm.dll+0x3f305f]
V  [jvm.dll+0x3f4b91]
C  [jli.dll+0x528f]
C  [ucrtbase.dll+0x29363]
C  [KERNEL32.DLL+0x1257d]
C  [ntdll.dll+0x5aa78]


---------------  P R O C E S S  ---------------

Threads class SMR info:
_java_thread_list=0x00007ff8f35dd098, length=0, elements={
}

Java Threads: ( => current thread )

Other Threads:
  0x0000024ca51d3d50 GCTaskThread "GC Thread#0" [stack: 0x000000a653600000,0x000000a653700000] [id=15216]
  0x0000024ca51e4b60 ConcurrentGCThread "G1 Main Marker" [stack: 0x000000a653700000,0x000000a653800000] [id=18780]
  0x0000024ca51e5d10 ConcurrentGCThread "G1 Conc#0" [stack: 0x000000a653800000,0x000000a653900000] [id=11044]

[error occurred during error reporting (printing all threads), id 0xc0000005, EXCEPTION_ACCESS_VIOLATION (0xc0000005) at pc=0x00007ff8f2d92087]

VM state: not at safepoint (not fully initialized)

VM Mutex/Monitor currently owned by a thread:  ([mutex/lock_event])
[0x0000024ca5123900] Heap_lock - owner thread: 0x0000024ca5127950

Heap address: 0x0000000602400000, size: 8156 MB, Compressed Oops mode: Zero based, Oop shift amount: 3

CDS archive(s) mapped at: [0x0000000000000000-0x0000000000000000-0x0000000000000000), size 0, SharedBaseAddress: 0x0000000800000000, ArchiveRelocationMode: 0.
Narrow klass base: 0x0000000000000000, Narrow klass shift: 0, Narrow klass range: 0x0

GC Precious Log:
<Empty>

Heap:
 garbage-first heap   total 0K, used 0K [0x0000000602400000, 0x0000000800000000)
  region size 4096K, 0 young (0K), 0 survivors (0K)
 Metaspace       used 0K, committed 0K, reserved 0K
  class space    used 0K, committed 0K, reserved 0K

Heap Regions: E=young(eden), S=young(survivor), O=old, HS=humongous(starts), HC=humongous(continues), CS=collection set, F=free, OA=open archive, CA=closed archive, TAMS=top-at-mark-start (previous, next)

Card table byte_map: [0x0000024cb8930000,0x0000024cb9920000] _byte_map_base: 0x0000024cb591e000

Marking Bits (Prev, Next): (CMBitMap*) 0x0000024ca51d4360, (CMBitMap*) 0x0000024ca51d43a0
 Prev Bits: [0x0000024cba910000, 0x0000024cc2880000)
 Next Bits: [0x0000024cc2880000, 0x0000024cca7f0000)

GC Heap History (0 events):
No events

Dll operation events (1 events):
Event: 0.004 Loaded shared library C:\Program Files\Android\Android Studio\jbr\bin\java.dll

Deoptimization events (0 events):
No events

Classes unloaded (0 events):
No events

Classes redefined (0 events):
No events

Internal exceptions (0 events):
No events

VM Operations (0 events):
No events

Events (0 events):
No events


Dynamic libraries:
0x00007ff6a5a50000 - 0x00007ff6a5a5a000 	C:\Program Files\Android\Android Studio\jbr\bin\java.exe
0x00007ff94fe30000 - 0x00007ff950047000 	C:\Windows\SYSTEM32\ntdll.dll
0x00007ff94eb30000 - 0x00007ff94ebf4000 	C:\Windows\System32\KERNEL32.DLL
0x00007ff94d1b0000 - 0x00007ff94d556000 	C:\Windows\System32\KERNELBASE.dll
0x00007ff94d7e0000 - 0x00007ff94d8f1000 	C:\Windows\System32\ucrtbase.dll
0x00007ff93ada0000 - 0x00007ff93adbb000 	C:\Program Files\Android\Android Studio\jbr\bin\VCRUNTIME140.dll
0x00007ff93c460000 - 0x00007ff93c477000 	C:\Program Files\Android\Android Studio\jbr\bin\jli.dll
0x00007ff94e2c0000 - 0x00007ff94e46e000 	C:\Windows\System32\USER32.dll
0x00007ff94d6f0000 - 0x00007ff94d716000 	C:\Windows\System32\win32u.dll
0x00007ff930920000 - 0x00007ff930bb3000 	C:\Windows\WinSxS\amd64_microsoft.windows.common-controls_6595b64144ccf1df_6.0.22621.2361_none_2712ced57382f843\COMCTL32.dll
0x00007ff94e0c0000 - 0x00007ff94e0e9000 	C:\Windows\System32\GDI32.dll
0x00007ff94da70000 - 0x00007ff94db88000 	C:\Windows\System32\gdi32full.dll
0x00007ff94e470000 - 0x00007ff94e517000 	C:\Windows\System32\msvcrt.dll
0x00007ff94d650000 - 0x00007ff94d6ea000 	C:\Windows\System32\msvcp_win.dll
0x00007ff94fd50000 - 0x00007ff94fd81000 	C:\Windows\System32\IMM32.DLL
0x00007ff93c620000 - 0x00007ff93c62c000 	C:\Program Files\Android\Android Studio\jbr\bin\vcruntime140_1.dll
0x00007ff91b530000 - 0x00007ff91b5bd000 	C:\Program Files\Android\Android Studio\jbr\bin\msvcp140.dll
0x00007ff8f2aa0000 - 0x00007ff8f3720000 	C:\Program Files\Android\Android Studio\jbr\bin\server\jvm.dll
0x00007ff94ec10000 - 0x00007ff94ecc0000 	C:\Windows\System32\ADVAPI32.dll
0x00007ff94ed80000 - 0x00007ff94ee26000 	C:\Windows\System32\sechost.dll
0x00007ff94fa70000 - 0x00007ff94fb87000 	C:\Windows\System32\RPCRT4.dll
0x00007ff946b10000 - 0x00007ff946b19000 	C:\Windows\SYSTEM32\WSOCK32.dll
0x00007ff942680000 - 0x00007ff9426b4000 	C:\Windows\SYSTEM32\WINMM.dll
0x00007ff942670000 - 0x00007ff94267a000 	C:\Windows\SYSTEM32\VERSION.dll
0x00007ff94e520000 - 0x00007ff94e591000 	C:\Windows\System32\WS2_32.dll
0x00007ff94c1f0000 - 0x00007ff94c208000 	C:\Windows\SYSTEM32\kernel.appcore.dll
0x00007ff9453e0000 - 0x00007ff9453ea000 	C:\Program Files\Android\Android Studio\jbr\bin\jimage.dll
0x00007ff945780000 - 0x00007ff9459ae000 	C:\Windows\SYSTEM32\DBGHELP.DLL
0x00007ff94e6a0000 - 0x00007ff94ea2a000 	C:\Windows\System32\combase.dll
0x00007ff94fb90000 - 0x00007ff94fc67000 	C:\Windows\System32\OLEAUT32.dll
0x00007ff933a50000 - 0x00007ff933a82000 	C:\Windows\SYSTEM32\dbgcore.DLL
0x00007ff94d560000 - 0x00007ff94d5da000 	C:\Windows\System32\bcryptPrimitives.dll
0x00007ff93e230000 - 0x00007ff93e255000 	C:\Program Files\Android\Android Studio\jbr\bin\java.dll

dbghelp: loaded successfully - version: 4.0.5 - missing functions: none
symbol engine: initialized successfully - sym options: 0x614 - pdb path: .;C:\Program Files\Android\Android Studio\jbr\bin;C:\Windows\SYSTEM32;C:\Windows\WinSxS\amd64_microsoft.windows.common-controls_6595b64144ccf1df_6.0.22621.2361_none_2712ced57382f843;C:\Program Files\Android\Android Studio\jbr\bin\server

VM Arguments:
java_command: git4idea.http.GitAskPassApp Username for 'https://github.com': 
java_class_path (initial): C:/Program Files/Android/Android Studio/plugins/vcs-git/lib/git4idea-rt.jar;C:/Program Files/Android/Android Studio/lib/externalProcess-rt.jar
Launcher Type: SUN_STANDARD

[Global flags]
     intx CICompilerCount                          = 4                                         {product} {ergonomic}
     uint ConcGCThreads                            = 2                                         {product} {ergonomic}
     uint G1ConcRefinementThreads                  = 8                                         {product} {ergonomic}
   size_t G1HeapRegionSize                         = 4194304                                   {product} {ergonomic}
    uintx GCDrainStackTargetSize                   = 64                                        {product} {ergonomic}
   size_t InitialHeapSize                          = 536870912                                 {product} {ergonomic}
   size_t MarkStackSize                            = 4194304                                   {product} {ergonomic}
   size_t MaxHeapSize                              = 8552185856                                {product} {ergonomic}
   size_t MinHeapDeltaBytes                        = 4194304                                   {product} {ergonomic}
   size_t MinHeapSize                              = 8388608                                   {product} {ergonomic}
    uintx NonNMethodCodeHeapSize                   = 5839372                                {pd product} {ergonomic}
    uintx NonProfiledCodeHeapSize                  = 122909434                              {pd product} {ergonomic}
    uintx ProfiledCodeHeapSize                     = 122909434                              {pd product} {ergonomic}
    uintx ReservedCodeCacheSize                    = 251658240                              {pd product} {ergonomic}
     bool SegmentedCodeCache                       = true                                      {product} {ergonomic}
   size_t SoftMaxHeapSize                          = 8552185856                             {manageable} {ergonomic}
     bool UseCompressedClassPointers               = true                           {product lp64_product} {ergonomic}
     bool UseCompressedOops                        = true                           {product lp64_product} {ergonomic}
     bool UseG1GC                                  = true                                      {product} {ergonomic}
     bool UseLargePagesIndividualAllocation        = false                                  {pd product} {ergonomic}

Logging:
Log output configuration:
 #0: stdout all=warning uptime,level,tags
 #1: stderr all=off uptime,level,tags

Environment Variables:
PATH=C:\Program Files\Git\mingw64\libexec\git-core;C:\Program Files\Git\mingw64\libexec\git-core;C:\Program Files\Git\mingw64\bin;C:\Program Files\Git\usr\bin;C:\Users\32947\bin;C:\Program Files\Common Files\Oracle\Java\javapath;D:\Oculus\Support\oculus-runtime;C:\Windows\system32;C:\Windows;C:\Windows\System32\Wbem;C:\Windows\System32\WindowsPowerShell\v1.0;C:\Windows\System32\OpenSSH;C:\Program Files\7-Zip;C:\Program Files\Git\cmd;C:\Program Files (x86)\Windows Kits\8.1\Windows Performance Toolkit;C:\Program Files (x86)\sbt\bin;C:\Users\32947\AppData\Local\Microsoft\WindowsApps
USERNAME=32947
DISPLAY=:0.0
LC_ALL=en_US.UTF-8
TERM=xterm-256color
TMPDIR=C:\Users\32947\AppData\Local\Temp
OS=Windows_NT
PROCESSOR_IDENTIFIER=Intel64 Family 6 Model 151 Stepping 5, GenuineIntel
TMP=C:\Users\32947\AppData\Local\Temp
TEMP=C:\Users\32947\AppData\Local\Temp


JNI global refs:
JNI global refs: 0, weak refs: 0

JNI global refs memory usage: 0, weak refs: 0

OOME stack traces (most recent first):
Classloader memory used:


---------------  S Y S T E M  ---------------

OS:
 Windows 11 , 64 bit Build 22621 (10.0.22621.2361)
OS uptime: 12 days 1:55 hours

CPU: total 8 (initial active 8) (4 cores per cpu, 2 threads per core) family 6 model 151 stepping 5 microcode 0x1a, cx8, cmov, fxsr, ht, mmx, 3dnowpref, sse, sse2, sse3, ssse3, sse4.1, sse4.2, popcnt, lzcnt, tsc, tscinvbit, avx, avx2, aes, erms, clmul, bmi1, bmi2, adx, sha, fma, vzeroupper, clflush, clflushopt, clwb

Memory: 4k page, system-wide physical 32609M (3879M free)
TotalPageFile size 62921M (AvailPageFile size 290M)
current process WorkingSet (physical memory assigned to process): 11M, peak: 11M
current process commit charge ("private bytes"): 60M, peak: 572M

vm_info: OpenJDK 64-Bit Server VM (17.0.7+0-b2043.56-10550314) for windows-amd64 JRE (17.0.7+0-b2043.56-10550314), built on Jul 24 2023 18:27:45 by "androidbuild" with MS VC++ 16.10 / 16.11 (VS2019)

END.
